<?xml version="1.0" encoding="UTF-8"?>
<!-- Generated by org.testng.reporters.JUnitReportReporter -->
<testsuite hostname="DESKTOP-J9EO0C6" failures="0" tests="2" name="samplemavenprojecr.Byyyyy" time="0.006" errors="0" timestamp="2022-07-14T20:47:20 IST" skipped="0">
  <testcase classname="samplemavenprojecr.Byyyyy" name="hellodeepa" time="0.003"/>
  <system-out/>
  <testcase classname="samplemavenprojecr.Byyyyy" name="haveyou" time="0.003"/>
  <system-out/>
</testsuite> <!-- samplemavenprojecr.Byyyyy -->
