<?xml version="1.0" encoding="UTF-8"?>
<!-- Generated by org.testng.reporters.JUnitReportReporter -->
<testsuite hostname="DESKTOP-J9EO0C6" failures="0" tests="2" name="samplemavenprojecr.HiiiiiDeep" time="0.014" errors="0" timestamp="2022-07-14T20:47:20 IST" skipped="0">
  <testcase classname="samplemavenprojecr.HiiiiiDeep" name="hellodee" time="0.010"/>
  <system-out/>
  <testcase classname="samplemavenprojecr.HiiiiiDeep" name="have" time="0.004"/>
  <system-out/>
</testsuite> <!-- samplemavenprojecr.HiiiiiDeep -->
