<?xml version="1.0" encoding="UTF-8"?>
<!-- Generated by org.testng.reporters.JUnitReportReporter -->
<testsuite hostname="DESKTOP-J9EO0C6" failures="0" tests="2" name="samplemavenprojecr11.Youuu" time="0.003" errors="0" timestamp="2022-07-14T20:47:20 IST" skipped="0">
  <testcase classname="samplemavenprojecr11.Youuu" name="have11" time="0.002"/>
  <system-out/>
  <testcase classname="samplemavenprojecr11.Youuu" name="hellodee11" time="0.001"/>
  <system-out/>
</testsuite> <!-- samplemavenprojecr11.Youuu -->
