<?xml version="1.0" encoding="UTF-8"?>
<!-- Generated by org.testng.reporters.JUnitReportReporter -->
<testsuite hostname="DESKTOP-J9EO0C6" failures="0" tests="2" name="samplemavenprojecr11.ILu" time="0.015" errors="0" timestamp="2022-07-14T20:47:20 IST" skipped="0">
  <testcase classname="samplemavenprojecr11.ILu" name="iHu" time="0.012"/>
  <system-out/>
  <testcase classname="samplemavenprojecr11.ILu" name="iluu" time="0.003"/>
  <system-out/>
</testsuite> <!-- samplemavenprojecr11.ILu -->
